[0.223s] Invoking command in '/home/npwitk/ros2_ws/src/vision_rescue_bot': PYTHONPATH=/home/npwitk/ros2_ws/build/vision_rescue_bot/prefix_override:/usr/lib/python3/dist-packages/colcon_core/task/python/colcon_distutils_commands:/home/npwitk/ros2_ws/install/vision_rescue_bot/lib/python3.10/site-packages:${PYTHONPATH} /usr/bin/python3 -W ignore:setup.py install is deprecated -W ignore:easy_install command is deprecated setup.py egg_info --egg-base ../../build/vision_rescue_bot build --build-base /home/npwitk/ros2_ws/build/vision_rescue_bot/build install --record /home/npwitk/ros2_ws/build/vision_rescue_bot/install.log --single-version-externally-managed install_data
[0.302s] running egg_info
[0.302s] writing ../../build/vision_rescue_bot/vision_rescue_bot.egg-info/PKG-INFO
[0.303s] writing dependency_links to ../../build/vision_rescue_bot/vision_rescue_bot.egg-info/dependency_links.txt
[0.303s] writing entry points to ../../build/vision_rescue_bot/vision_rescue_bot.egg-info/entry_points.txt
[0.303s] writing requirements to ../../build/vision_rescue_bot/vision_rescue_bot.egg-info/requires.txt
[0.303s] writing top-level names to ../../build/vision_rescue_bot/vision_rescue_bot.egg-info/top_level.txt
[0.304s] reading manifest file '../../build/vision_rescue_bot/vision_rescue_bot.egg-info/SOURCES.txt'
[0.304s] writing manifest file '../../build/vision_rescue_bot/vision_rescue_bot.egg-info/SOURCES.txt'
[0.304s] running build
[0.304s] running build_py
[0.304s] running install
[0.304s] running install_lib
[0.305s] running install_data
[0.305s] running install_egg_info
[0.305s] removing '/home/npwitk/ros2_ws/install/vision_rescue_bot/lib/python3.10/site-packages/vision_rescue_bot-0.0.0-py3.10.egg-info' (and everything under it)
[0.306s] Copying ../../build/vision_rescue_bot/vision_rescue_bot.egg-info to /home/npwitk/ros2_ws/install/vision_rescue_bot/lib/python3.10/site-packages/vision_rescue_bot-0.0.0-py3.10.egg-info
[0.306s] running install_scripts
[0.314s] Installing camera_simulator script to /home/npwitk/ros2_ws/install/vision_rescue_bot/lib/vision_rescue_bot
[0.314s] Installing vision_node script to /home/npwitk/ros2_ws/install/vision_rescue_bot/lib/vision_rescue_bot
[0.314s] writing list of installed files to '/home/npwitk/ros2_ws/build/vision_rescue_bot/install.log'
[0.323s] Invoked command in '/home/npwitk/ros2_ws/src/vision_rescue_bot' returned '0': PYTHONPATH=/home/npwitk/ros2_ws/build/vision_rescue_bot/prefix_override:/usr/lib/python3/dist-packages/colcon_core/task/python/colcon_distutils_commands:/home/npwitk/ros2_ws/install/vision_rescue_bot/lib/python3.10/site-packages:${PYTHONPATH} /usr/bin/python3 -W ignore:setup.py install is deprecated -W ignore:easy_install command is deprecated setup.py egg_info --egg-base ../../build/vision_rescue_bot build --build-base /home/npwitk/ros2_ws/build/vision_rescue_bot/build install --record /home/npwitk/ros2_ws/build/vision_rescue_bot/install.log --single-version-externally-managed install_data
