[0.045s] DEBUG:colcon:Command line arguments: ['/usr/bin/colcon', 'build', '--packages-select', 'vision_rescue_bot']
[0.045s] DEBUG:colcon:Parsed command line arguments: Namespace(log_base=None, log_level=None, verb_name='build', build_base='build', install_base='install', merge_install=False, symlink_install=False, test_result_base=None, continue_on_error=False, executor='parallel', parallel_workers=4, event_handlers=None, ignore_user_meta=False, metas=['./colcon.meta'], base_paths=['.'], packages_ignore=None, packages_ignore_regex=None, paths=None, packages_up_to=None, packages_up_to_regex=None, packages_above=None, packages_above_and_dependencies=None, packages_above_depth=None, packages_select_by_dep=None, packages_skip_by_dep=None, packages_skip_up_to=None, packages_select_build_failed=False, packages_skip_build_finished=False, packages_select_test_failures=False, packages_skip_test_passed=False, packages_select=['vision_rescue_bot'], packages_skip=None, packages_select_regex=None, packages_skip_regex=None, packages_start=None, packages_end=None, allow_overriding=[], cmake_args=None, cmake_target=None, cmake_target_skip_unavailable=False, cmake_clean_cache=False, cmake_clean_first=False, cmake_force_configure=False, ament_cmake_args=None, catkin_cmake_args=None, catkin_skip_building_tests=False, verb_parser=<colcon_defaults.argument_parser.defaults.DefaultArgumentsDecorator object at 0xf2cdec217820>, verb_extension=<colcon_core.verb.build.BuildVerb object at 0xf2cdec2172e0>, main=<bound method BuildVerb.main of <colcon_core.verb.build.BuildVerb object at 0xf2cdec2172e0>>)
[0.104s] Level 1:colcon.colcon_core.package_discovery:discover_packages(colcon_meta) check parameters
[0.104s] Level 1:colcon.colcon_core.package_discovery:discover_packages(recursive) check parameters
[0.104s] Level 1:colcon.colcon_core.package_discovery:discover_packages(ignore) check parameters
[0.104s] Level 1:colcon.colcon_core.package_discovery:discover_packages(path) check parameters
[0.104s] Level 1:colcon.colcon_core.package_discovery:discover_packages(colcon_meta) discover
[0.104s] Level 1:colcon.colcon_core.package_discovery:discover_packages(recursive) discover
[0.104s] INFO:colcon.colcon_core.package_discovery:Crawling recursively for packages in '/home/npwitk/ros2_ws'
[0.104s] Level 1:colcon.colcon_core.package_identification:_identify(.) by extensions ['ignore', 'ignore_ament_install']
[0.104s] Level 1:colcon.colcon_core.package_identification:_identify(.) by extension 'ignore'
[0.104s] Level 1:colcon.colcon_core.package_identification:_identify(.) by extension 'ignore_ament_install'
[0.104s] Level 1:colcon.colcon_core.package_identification:_identify(.) by extensions ['colcon_pkg']
[0.104s] Level 1:colcon.colcon_core.package_identification:_identify(.) by extension 'colcon_pkg'
[0.104s] Level 1:colcon.colcon_core.package_identification:_identify(.) by extensions ['colcon_meta']
[0.104s] Level 1:colcon.colcon_core.package_identification:_identify(.) by extension 'colcon_meta'
[0.104s] Level 1:colcon.colcon_core.package_identification:_identify(.) by extensions ['ros']
[0.104s] Level 1:colcon.colcon_core.package_identification:_identify(.) by extension 'ros'
[0.109s] Level 1:colcon.colcon_core.package_identification:_identify(.) by extensions ['cmake', 'python']
[0.109s] Level 1:colcon.colcon_core.package_identification:_identify(.) by extension 'cmake'
[0.109s] Level 1:colcon.colcon_core.package_identification:_identify(.) by extension 'python'
[0.109s] Level 1:colcon.colcon_core.package_identification:_identify(.) by extensions ['python_setup_py']
[0.109s] Level 1:colcon.colcon_core.package_identification:_identify(.) by extension 'python_setup_py'
[0.110s] Level 1:colcon.colcon_core.package_identification:_identify(build) by extensions ['ignore', 'ignore_ament_install']
[0.110s] Level 1:colcon.colcon_core.package_identification:_identify(build) by extension 'ignore'
[0.110s] Level 1:colcon.colcon_core.package_identification:_identify(build) ignored
[0.110s] Level 1:colcon.colcon_core.package_identification:_identify(install) by extensions ['ignore', 'ignore_ament_install']
[0.110s] Level 1:colcon.colcon_core.package_identification:_identify(install) by extension 'ignore'
[0.110s] Level 1:colcon.colcon_core.package_identification:_identify(install) ignored
[0.110s] Level 1:colcon.colcon_core.package_identification:_identify(log) by extensions ['ignore', 'ignore_ament_install']
[0.110s] Level 1:colcon.colcon_core.package_identification:_identify(log) by extension 'ignore'
[0.110s] Level 1:colcon.colcon_core.package_identification:_identify(log) ignored
[0.110s] Level 1:colcon.colcon_core.package_identification:_identify(src) by extensions ['ignore', 'ignore_ament_install']
[0.110s] Level 1:colcon.colcon_core.package_identification:_identify(src) by extension 'ignore'
[0.110s] Level 1:colcon.colcon_core.package_identification:_identify(src) by extension 'ignore_ament_install'
[0.110s] Level 1:colcon.colcon_core.package_identification:_identify(src) by extensions ['colcon_pkg']
[0.110s] Level 1:colcon.colcon_core.package_identification:_identify(src) by extension 'colcon_pkg'
[0.110s] Level 1:colcon.colcon_core.package_identification:_identify(src) by extensions ['colcon_meta']
[0.110s] Level 1:colcon.colcon_core.package_identification:_identify(src) by extension 'colcon_meta'
[0.110s] Level 1:colcon.colcon_core.package_identification:_identify(src) by extensions ['ros']
[0.110s] Level 1:colcon.colcon_core.package_identification:_identify(src) by extension 'ros'
[0.110s] Level 1:colcon.colcon_core.package_identification:_identify(src) by extensions ['cmake', 'python']
[0.110s] Level 1:colcon.colcon_core.package_identification:_identify(src) by extension 'cmake'
[0.110s] Level 1:colcon.colcon_core.package_identification:_identify(src) by extension 'python'
[0.110s] Level 1:colcon.colcon_core.package_identification:_identify(src) by extensions ['python_setup_py']
[0.110s] Level 1:colcon.colcon_core.package_identification:_identify(src) by extension 'python_setup_py'
[0.110s] Level 1:colcon.colcon_core.package_identification:_identify(src/vision_rescue_bot) by extensions ['ignore', 'ignore_ament_install']
[0.110s] Level 1:colcon.colcon_core.package_identification:_identify(src/vision_rescue_bot) by extension 'ignore'
[0.110s] Level 1:colcon.colcon_core.package_identification:_identify(src/vision_rescue_bot) by extension 'ignore_ament_install'
[0.110s] Level 1:colcon.colcon_core.package_identification:_identify(src/vision_rescue_bot) by extensions ['colcon_pkg']
[0.110s] Level 1:colcon.colcon_core.package_identification:_identify(src/vision_rescue_bot) by extension 'colcon_pkg'
[0.110s] Level 1:colcon.colcon_core.package_identification:_identify(src/vision_rescue_bot) by extensions ['colcon_meta']
[0.110s] Level 1:colcon.colcon_core.package_identification:_identify(src/vision_rescue_bot) by extension 'colcon_meta'
[0.110s] Level 1:colcon.colcon_core.package_identification:_identify(src/vision_rescue_bot) by extensions ['ros']
[0.110s] Level 1:colcon.colcon_core.package_identification:_identify(src/vision_rescue_bot) by extension 'ros'
[0.111s] DEBUG:colcon.colcon_core.package_identification:Package 'src/vision_rescue_bot' with type 'ros.ament_python' and name 'vision_rescue_bot'
[0.111s] Level 1:colcon.colcon_core.package_discovery:discover_packages(recursive) using defaults
[0.111s] Level 1:colcon.colcon_core.package_discovery:discover_packages(ignore) discover
[0.111s] Level 1:colcon.colcon_core.package_discovery:discover_packages(ignore) using defaults
[0.111s] Level 1:colcon.colcon_core.package_discovery:discover_packages(path) discover
[0.111s] Level 1:colcon.colcon_core.package_discovery:discover_packages(path) using defaults
[0.119s] Level 1:colcon.colcon_core.package_discovery:discover_packages(prefix_path) check parameters
[0.119s] Level 1:colcon.colcon_core.package_discovery:discover_packages(prefix_path) discover
[0.120s] DEBUG:colcon.colcon_installed_package_information.package_discovery:Found 1 installed packages in /home/npwitk/ros2_ws/install
[0.120s] DEBUG:colcon.colcon_installed_package_information.package_discovery:Found 2 installed packages in /home/npwitk/test_ws/install
[0.121s] DEBUG:colcon.colcon_installed_package_information.package_discovery:Found 271 installed packages in /opt/ros/humble
[0.122s] Level 1:colcon.colcon_core.package_discovery:discover_packages(prefix_path) using defaults
[0.141s] Level 5:colcon.colcon_core.verb:set package 'vision_rescue_bot' build argument 'cmake_args' from command line to 'None'
[0.141s] Level 5:colcon.colcon_core.verb:set package 'vision_rescue_bot' build argument 'cmake_target' from command line to 'None'
[0.141s] Level 5:colcon.colcon_core.verb:set package 'vision_rescue_bot' build argument 'cmake_target_skip_unavailable' from command line to 'False'
[0.141s] Level 5:colcon.colcon_core.verb:set package 'vision_rescue_bot' build argument 'cmake_clean_cache' from command line to 'False'
[0.141s] Level 5:colcon.colcon_core.verb:set package 'vision_rescue_bot' build argument 'cmake_clean_first' from command line to 'False'
[0.141s] Level 5:colcon.colcon_core.verb:set package 'vision_rescue_bot' build argument 'cmake_force_configure' from command line to 'False'
[0.141s] Level 5:colcon.colcon_core.verb:set package 'vision_rescue_bot' build argument 'ament_cmake_args' from command line to 'None'
[0.141s] Level 5:colcon.colcon_core.verb:set package 'vision_rescue_bot' build argument 'catkin_cmake_args' from command line to 'None'
[0.141s] Level 5:colcon.colcon_core.verb:set package 'vision_rescue_bot' build argument 'catkin_skip_building_tests' from command line to 'False'
[0.141s] DEBUG:colcon.colcon_core.verb:Building package 'vision_rescue_bot' with the following arguments: {'ament_cmake_args': None, 'build_base': '/home/npwitk/ros2_ws/build/vision_rescue_bot', 'catkin_cmake_args': None, 'catkin_skip_building_tests': False, 'cmake_args': None, 'cmake_clean_cache': False, 'cmake_clean_first': False, 'cmake_force_configure': False, 'cmake_target': None, 'cmake_target_skip_unavailable': False, 'install_base': '/home/npwitk/ros2_ws/install/vision_rescue_bot', 'merge_install': False, 'path': '/home/npwitk/ros2_ws/src/vision_rescue_bot', 'symlink_install': False, 'test_result_base': None}
[0.141s] INFO:colcon.colcon_core.executor:Executing jobs using 'parallel' executor
[0.142s] DEBUG:colcon.colcon_parallel_executor.executor.parallel:run_until_complete
[0.142s] INFO:colcon.colcon_ros.task.ament_python.build:Building ROS package in '/home/npwitk/ros2_ws/src/vision_rescue_bot' with build type 'ament_python'
[0.142s] Level 1:colcon.colcon_core.shell:create_environment_hook('vision_rescue_bot', 'ament_prefix_path')
[0.143s] INFO:colcon.colcon_core.plugin_system:Skipping extension 'colcon_core.shell.bat': Not used on non-Windows systems
[0.143s] INFO:colcon.colcon_core.shell:Creating environment hook '/home/npwitk/ros2_ws/install/vision_rescue_bot/share/vision_rescue_bot/hook/ament_prefix_path.ps1'
[0.143s] INFO:colcon.colcon_core.shell:Creating environment descriptor '/home/npwitk/ros2_ws/install/vision_rescue_bot/share/vision_rescue_bot/hook/ament_prefix_path.dsv'
[0.144s] INFO:colcon.colcon_core.shell:Creating environment hook '/home/npwitk/ros2_ws/install/vision_rescue_bot/share/vision_rescue_bot/hook/ament_prefix_path.sh'
[0.144s] INFO:colcon.colcon_core.shell:Skip shell extension 'powershell' for command environment: Not usable outside of PowerShell
[0.144s] DEBUG:colcon.colcon_core.shell:Skip shell extension 'dsv' for command environment
[0.240s] INFO:colcon.colcon_core.task.python.build:Building Python package in '/home/npwitk/ros2_ws/src/vision_rescue_bot'
[0.240s] INFO:colcon.colcon_core.shell:Skip shell extension 'powershell' for command environment: Not usable outside of PowerShell
[0.240s] DEBUG:colcon.colcon_core.shell:Skip shell extension 'dsv' for command environment
[0.365s] DEBUG:colcon.colcon_core.event_handler.log_command:Invoking command in '/home/npwitk/ros2_ws/src/vision_rescue_bot': PYTHONPATH=/home/npwitk/ros2_ws/build/vision_rescue_bot/prefix_override:/usr/lib/python3/dist-packages/colcon_core/task/python/colcon_distutils_commands:/home/npwitk/ros2_ws/install/vision_rescue_bot/lib/python3.10/site-packages:${PYTHONPATH} /usr/bin/python3 -W ignore:setup.py install is deprecated -W ignore:easy_install command is deprecated setup.py egg_info --egg-base ../../build/vision_rescue_bot build --build-base /home/npwitk/ros2_ws/build/vision_rescue_bot/build install --record /home/npwitk/ros2_ws/build/vision_rescue_bot/install.log --single-version-externally-managed install_data
[0.465s] DEBUG:colcon.colcon_core.event_handler.log_command:Invoked command in '/home/npwitk/ros2_ws/src/vision_rescue_bot' returned '0': PYTHONPATH=/home/npwitk/ros2_ws/build/vision_rescue_bot/prefix_override:/usr/lib/python3/dist-packages/colcon_core/task/python/colcon_distutils_commands:/home/npwitk/ros2_ws/install/vision_rescue_bot/lib/python3.10/site-packages:${PYTHONPATH} /usr/bin/python3 -W ignore:setup.py install is deprecated -W ignore:easy_install command is deprecated setup.py egg_info --egg-base ../../build/vision_rescue_bot build --build-base /home/npwitk/ros2_ws/build/vision_rescue_bot/build install --record /home/npwitk/ros2_ws/build/vision_rescue_bot/install.log --single-version-externally-managed install_data
[0.466s] Level 1:colcon.colcon_core.environment:checking '/home/npwitk/ros2_ws/install/vision_rescue_bot' for CMake module files
[0.466s] Level 1:colcon.colcon_core.environment:checking '/home/npwitk/ros2_ws/install/vision_rescue_bot' for CMake config files
[0.466s] Level 1:colcon.colcon_core.environment:checking '/home/npwitk/ros2_ws/install/vision_rescue_bot/lib'
[0.467s] Level 1:colcon.colcon_core.environment:checking '/home/npwitk/ros2_ws/install/vision_rescue_bot/bin'
[0.467s] Level 1:colcon.colcon_core.environment:checking '/home/npwitk/ros2_ws/install/vision_rescue_bot/lib/pkgconfig/vision_rescue_bot.pc'
[0.467s] Level 1:colcon.colcon_core.environment:checking '/home/npwitk/ros2_ws/install/vision_rescue_bot/lib/python3.10/site-packages'
[0.467s] Level 1:colcon.colcon_core.shell:create_environment_hook('vision_rescue_bot', 'pythonpath')
[0.467s] INFO:colcon.colcon_core.shell:Creating environment hook '/home/npwitk/ros2_ws/install/vision_rescue_bot/share/vision_rescue_bot/hook/pythonpath.ps1'
[0.467s] INFO:colcon.colcon_core.shell:Creating environment descriptor '/home/npwitk/ros2_ws/install/vision_rescue_bot/share/vision_rescue_bot/hook/pythonpath.dsv'
[0.467s] INFO:colcon.colcon_core.shell:Creating environment hook '/home/npwitk/ros2_ws/install/vision_rescue_bot/share/vision_rescue_bot/hook/pythonpath.sh'
[0.467s] Level 1:colcon.colcon_core.environment:checking '/home/npwitk/ros2_ws/install/vision_rescue_bot/bin'
[0.468s] Level 1:colcon.colcon_core.environment:create_environment_scripts_only(vision_rescue_bot)
[0.468s] INFO:colcon.colcon_core.shell:Creating package script '/home/npwitk/ros2_ws/install/vision_rescue_bot/share/vision_rescue_bot/package.ps1'
[0.468s] INFO:colcon.colcon_core.shell:Creating package descriptor '/home/npwitk/ros2_ws/install/vision_rescue_bot/share/vision_rescue_bot/package.dsv'
[0.468s] INFO:colcon.colcon_core.shell:Creating package script '/home/npwitk/ros2_ws/install/vision_rescue_bot/share/vision_rescue_bot/package.sh'
[0.468s] INFO:colcon.colcon_core.shell:Creating package script '/home/npwitk/ros2_ws/install/vision_rescue_bot/share/vision_rescue_bot/package.bash'
[0.469s] INFO:colcon.colcon_core.shell:Creating package script '/home/npwitk/ros2_ws/install/vision_rescue_bot/share/vision_rescue_bot/package.zsh'
[0.469s] Level 1:colcon.colcon_core.environment:create_file_with_runtime_dependencies(/home/npwitk/ros2_ws/install/vision_rescue_bot/share/colcon-core/packages/vision_rescue_bot)
[0.469s] DEBUG:colcon.colcon_parallel_executor.executor.parallel:closing loop
[0.469s] DEBUG:colcon.colcon_parallel_executor.executor.parallel:loop closed
[0.470s] DEBUG:colcon.colcon_parallel_executor.executor.parallel:run_until_complete finished with '0'
[0.470s] DEBUG:colcon.colcon_core.event_reactor:joining thread
[0.472s] INFO:colcon.colcon_core.plugin_system:Skipping extension 'colcon_notification.desktop_notification.terminal_notifier': Not used on non-Darwin systems
[0.472s] INFO:colcon.colcon_core.plugin_system:Skipping extension 'colcon_notification.desktop_notification.win32': Not used on non-Windows systems
[0.472s] INFO:colcon.colcon_notification.desktop_notification:Sending desktop notification using 'notify2'
[0.478s] DEBUG:colcon.colcon_core.event_reactor:joined thread
[0.478s] INFO:colcon.colcon_core.shell:Creating prefix script '/home/npwitk/ros2_ws/install/local_setup.ps1'
[0.481s] INFO:colcon.colcon_core.shell:Creating prefix util module '/home/npwitk/ros2_ws/install/_local_setup_util_ps1.py'
[0.482s] INFO:colcon.colcon_core.shell:Creating prefix chain script '/home/npwitk/ros2_ws/install/setup.ps1'
[0.483s] INFO:colcon.colcon_core.shell:Creating prefix script '/home/npwitk/ros2_ws/install/local_setup.sh'
[0.483s] INFO:colcon.colcon_core.shell:Creating prefix util module '/home/npwitk/ros2_ws/install/_local_setup_util_sh.py'
[0.483s] INFO:colcon.colcon_core.shell:Creating prefix chain script '/home/npwitk/ros2_ws/install/setup.sh'
[0.484s] INFO:colcon.colcon_core.shell:Creating prefix script '/home/npwitk/ros2_ws/install/local_setup.bash'
[0.484s] INFO:colcon.colcon_core.shell:Creating prefix chain script '/home/npwitk/ros2_ws/install/setup.bash'
[0.484s] INFO:colcon.colcon_core.shell:Creating prefix script '/home/npwitk/ros2_ws/install/local_setup.zsh'
[0.484s] INFO:colcon.colcon_core.shell:Creating prefix chain script '/home/npwitk/ros2_ws/install/setup.zsh'
