running egg_info
creating ../../build/vision_rescue_bot/vision_rescue_bot.egg-info
writing ../../build/vision_rescue_bot/vision_rescue_bot.egg-info/PKG-INFO
writing dependency_links to ../../build/vision_rescue_bot/vision_rescue_bot.egg-info/dependency_links.txt
writing entry points to ../../build/vision_rescue_bot/vision_rescue_bot.egg-info/entry_points.txt
writing requirements to ../../build/vision_rescue_bot/vision_rescue_bot.egg-info/requires.txt
writing top-level names to ../../build/vision_rescue_bot/vision_rescue_bot.egg-info/top_level.txt
writing manifest file '../../build/vision_rescue_bot/vision_rescue_bot.egg-info/SOURCES.txt'
reading manifest file '../../build/vision_rescue_bot/vision_rescue_bot.egg-info/SOURCES.txt'
writing manifest file '../../build/vision_rescue_bot/vision_rescue_bot.egg-info/SOURCES.txt'
running build
running build_py
creating /home/npwitk/ros2_ws/build/vision_rescue_bot/build
creating /home/npwitk/ros2_ws/build/vision_rescue_bot/build/lib
creating /home/npwitk/ros2_ws/build/vision_rescue_bot/build/lib/vision_rescue_bot
copying vision_rescue_bot/camera_simulator.py -> /home/npwitk/ros2_ws/build/vision_rescue_bot/build/lib/vision_rescue_bot
copying vision_rescue_bot/vision_node.py -> /home/npwitk/ros2_ws/build/vision_rescue_bot/build/lib/vision_rescue_bot
copying vision_rescue_bot/__init__.py -> /home/npwitk/ros2_ws/build/vision_rescue_bot/build/lib/vision_rescue_bot
running install
running install_lib
creating /home/npwitk/ros2_ws/install/vision_rescue_bot/lib/python3.10/site-packages/vision_rescue_bot
copying /home/npwitk/ros2_ws/build/vision_rescue_bot/build/lib/vision_rescue_bot/camera_simulator.py -> /home/npwitk/ros2_ws/install/vision_rescue_bot/lib/python3.10/site-packages/vision_rescue_bot
copying /home/npwitk/ros2_ws/build/vision_rescue_bot/build/lib/vision_rescue_bot/vision_node.py -> /home/npwitk/ros2_ws/install/vision_rescue_bot/lib/python3.10/site-packages/vision_rescue_bot
copying /home/npwitk/ros2_ws/build/vision_rescue_bot/build/lib/vision_rescue_bot/__init__.py -> /home/npwitk/ros2_ws/install/vision_rescue_bot/lib/python3.10/site-packages/vision_rescue_bot
byte-compiling /home/npwitk/ros2_ws/install/vision_rescue_bot/lib/python3.10/site-packages/vision_rescue_bot/camera_simulator.py to camera_simulator.cpython-310.pyc
byte-compiling /home/npwitk/ros2_ws/install/vision_rescue_bot/lib/python3.10/site-packages/vision_rescue_bot/vision_node.py to vision_node.cpython-310.pyc
byte-compiling /home/npwitk/ros2_ws/install/vision_rescue_bot/lib/python3.10/site-packages/vision_rescue_bot/__init__.py to __init__.cpython-310.pyc
running install_data
creating /home/npwitk/ros2_ws/install/vision_rescue_bot/share/ament_index
creating /home/npwitk/ros2_ws/install/vision_rescue_bot/share/ament_index/resource_index
creating /home/npwitk/ros2_ws/install/vision_rescue_bot/share/ament_index/resource_index/packages
copying resource/vision_rescue_bot -> /home/npwitk/ros2_ws/install/vision_rescue_bot/share/ament_index/resource_index/packages
copying package.xml -> /home/npwitk/ros2_ws/install/vision_rescue_bot/share/vision_rescue_bot
running install_egg_info
Copying ../../build/vision_rescue_bot/vision_rescue_bot.egg-info to /home/npwitk/ros2_ws/install/vision_rescue_bot/lib/python3.10/site-packages/vision_rescue_bot-0.0.0-py3.10.egg-info
running install_scripts
Installing vision_node script to /home/npwitk/ros2_ws/install/vision_rescue_bot/lib/vision_rescue_bot
writing list of installed files to '/home/npwitk/ros2_ws/build/vision_rescue_bot/install.log'
